{"C:\\Users\\abanyali\\Desktop\\Aspire\\backend\\data.js": {"path":"C:\\Users\\abanyali\\Desktop\\Aspire\\backend\\data.js","statementMap":{"0":{"start":{"line":1,"column":15},"end":{"line":1,"column":32}},"1":{"start":{"line":2,"column":13},"end":{"line":129,"column":1}},"2":{"start":{"line":130,"column":0},"end":{"line":130,"column":22}}},"fnMap":{},"branchMap":{},"s":{"0":5,"1":5,"2":5},"f":{},"b":{},"_coverageSchema":"1a1c01bbd47fc00a2c39e90264f33305004495a9","hash":"7b7d6d8be2072154f0eaba272f5ad21c8a116455"}
,"C:\\Users\\abanyali\\Desktop\\Aspire\\backend\\server.js": {"path":"C:\\Users\\abanyali\\Desktop\\Aspire\\backend\\server.js","statementMap":{"0":{"start":{"line":1,"column":16},"end":{"line":1,"column":34}},"1":{"start":{"line":2,"column":17},"end":{"line":2,"column":36}},"2":{"start":{"line":3,"column":22},"end":{"line":3,"column":56}},"3":{"start":{"line":4,"column":15},"end":{"line":4,"column":32}},"4":{"start":{"line":5,"column":20},"end":{"line":5,"column":52}},"5":{"start":{"line":6,"column":19},"end":{"line":6,"column":50}},"6":{"start":{"line":7,"column":19},"end":{"line":7,"column":39}},"7":{"start":{"line":8,"column":19},"end":{"line":8,"column":41}},"8":{"start":{"line":9,"column":0},"end":{"line":9,"column":16}},"9":{"start":{"line":10,"column":12},"end":{"line":10,"column":21}},"10":{"start":{"line":11,"column":0},"end":{"line":11,"column":24}},"11":{"start":{"line":13,"column":0},"end":{"line":13,"column":49}},"12":{"start":{"line":15,"column":0},"end":{"line":19,"column":3}},"13":{"start":{"line":22,"column":0},"end":{"line":22,"column":34}},"14":{"start":{"line":23,"column":0},"end":{"line":23,"column":40}},"15":{"start":{"line":24,"column":0},"end":{"line":24,"column":36}},"16":{"start":{"line":40,"column":0},"end":{"line":40,"column":21}}},"fnMap":{},"branchMap":{"0":{"loc":{"start":{"line":15,"column":17},"end":{"line":15,"column":72}},"type":"binary-expr","locations":[{"start":{"line":15,"column":17},"end":{"line":15,"column":40}},{"start":{"line":15,"column":44},"end":{"line":15,"column":72}}],"line":15}},"s":{"0":5,"1":5,"2":5,"3":5,"4":5,"5":5,"6":5,"7":5,"8":5,"9":5,"10":5,"11":5,"12":5,"13":5,"14":5,"15":5,"16":5},"f":{},"b":{"0":[5,5]},"_coverageSchema":"1a1c01bbd47fc00a2c39e90264f33305004495a9","hash":"8740a0ad5f965bba152de097f4ea24b3bb2d9cbf"}
,"C:\\Users\\abanyali\\Desktop\\Aspire\\backend\\API\\orders\\index.js": {"path":"C:\\Users\\abanyali\\Desktop\\Aspire\\backend\\API\\orders\\index.js","statementMap":{"0":{"start":{"line":1,"column":16},"end":{"line":1,"column":34}},"1":{"start":{"line":2,"column":19},"end":{"line":2,"column":61}},"2":{"start":{"line":7,"column":4},"end":{"line":7,"column":35}},"3":{"start":{"line":9,"column":20},"end":{"line":9,"column":36}},"4":{"start":{"line":12,"column":0},"end":{"line":12,"column":54}},"5":{"start":{"line":14,"column":0},"end":{"line":14,"column":50}},"6":{"start":{"line":17,"column":0},"end":{"line":17,"column":52}},"7":{"start":{"line":19,"column":0},"end":{"line":19,"column":29}}},"fnMap":{},"branchMap":{},"s":{"0":5,"1":5,"2":5,"3":5,"4":5,"5":5,"6":5,"7":5},"f":{},"b":{},"_coverageSchema":"1a1c01bbd47fc00a2c39e90264f33305004495a9","hash":"030e482ba3d2428829c62268558b6c29d7e3ae57"}
,"C:\\Users\\abanyali\\Desktop\\Aspire\\backend\\API\\orders\\orderController.js": {"path":"C:\\Users\\abanyali\\Desktop\\Aspire\\backend\\API\\orders\\orderController.js","statementMap":{"0":{"start":{"line":5,"column":4},"end":{"line":5,"column":46}},"1":{"start":{"line":8,"column":0},"end":{"line":11,"column":2}},"2":{"start":{"line":9,"column":17},"end":{"line":9,"column":46}},"3":{"start":{"line":10,"column":2},"end":{"line":10,"column":19}},"4":{"start":{"line":13,"column":0},"end":{"line":38,"column":2}},"5":{"start":{"line":14,"column":2},"end":{"line":37,"column":3}},"6":{"start":{"line":15,"column":4},"end":{"line":15,"column":55}},"7":{"start":{"line":25,"column":8},"end":{"line":25,"column":16}},"8":{"start":{"line":26,"column":19},"end":{"line":34,"column":5}},"9":{"start":{"line":35,"column":25},"end":{"line":35,"column":65}},"10":{"start":{"line":36,"column":4},"end":{"line":36,"column":68}},"11":{"start":{"line":40,"column":0},"end":{"line":47,"column":2}},"12":{"start":{"line":41,"column":16},"end":{"line":41,"column":45}},"13":{"start":{"line":42,"column":2},"end":{"line":46,"column":3}},"14":{"start":{"line":43,"column":4},"end":{"line":43,"column":20}},"15":{"start":{"line":45,"column":4},"end":{"line":45,"column":57}}},"fnMap":{"0":{"name":"(anonymous_0)","decl":{"start":{"line":8,"column":30},"end":{"line":8,"column":31}},"loc":{"start":{"line":8,"column":50},"end":{"line":11,"column":1}},"line":8},"1":{"name":"(anonymous_1)","decl":{"start":{"line":13,"column":29},"end":{"line":13,"column":30}},"loc":{"start":{"line":13,"column":49},"end":{"line":38,"column":1}},"line":13},"2":{"name":"(anonymous_2)","decl":{"start":{"line":40,"column":29},"end":{"line":40,"column":30}},"loc":{"start":{"line":40,"column":49},"end":{"line":47,"column":1}},"line":40}},"branchMap":{"0":{"loc":{"start":{"line":14,"column":2},"end":{"line":37,"column":3}},"type":"if","locations":[{"start":{"line":14,"column":2},"end":{"line":37,"column":3}},{"start":{"line":14,"column":2},"end":{"line":37,"column":3}}],"line":14},"1":{"loc":{"start":{"line":42,"column":2},"end":{"line":46,"column":3}},"type":"if","locations":[{"start":{"line":42,"column":2},"end":{"line":46,"column":3}},{"start":{"line":42,"column":2},"end":{"line":46,"column":3}}],"line":42}},"s":{"0":5,"1":5,"2":0,"3":0,"4":5,"5":0,"6":0,"7":0,"8":0,"9":0,"10":0,"11":5,"12":1,"13":1,"14":0,"15":1},"f":{"0":0,"1":0,"2":1},"b":{"0":[0,0],"1":[0,1]},"_coverageSchema":"1a1c01bbd47fc00a2c39e90264f33305004495a9","hash":"b653d0c76e10fad918cff0bc1dfbf08fa1e83479"}
,"C:\\Users\\abanyali\\Desktop\\Aspire\\backend\\API\\products\\index.js": {"path":"C:\\Users\\abanyali\\Desktop\\Aspire\\backend\\API\\products\\index.js","statementMap":{"0":{"start":{"line":1,"column":16},"end":{"line":1,"column":34}},"1":{"start":{"line":2,"column":80},"end":{"line":2,"column":113}},"2":{"start":{"line":4,"column":22},"end":{"line":4,"column":38}},"3":{"start":{"line":7,"column":0},"end":{"line":7,"column":46}},"4":{"start":{"line":8,"column":0},"end":{"line":8,"column":51}},"5":{"start":{"line":9,"column":0},"end":{"line":9,"column":47}},"6":{"start":{"line":11,"column":0},"end":{"line":11,"column":31}}},"fnMap":{},"branchMap":{},"s":{"0":5,"1":5,"2":5,"3":5,"4":5,"5":5,"6":5},"f":{},"b":{},"_coverageSchema":"1a1c01bbd47fc00a2c39e90264f33305004495a9","hash":"09269c4385227b9bc7751ac7d22194c6a5978733"}
,"C:\\Users\\abanyali\\Desktop\\Aspire\\backend\\API\\products\\productController.js": {"path":"C:\\Users\\abanyali\\Desktop\\Aspire\\backend\\API\\products\\productController.js","statementMap":{"0":{"start":{"line":6,"column":4},"end":{"line":6,"column":48}},"1":{"start":{"line":8,"column":0},"end":{"line":16,"column":2}},"2":{"start":{"line":9,"column":19},"end":{"line":9,"column":20}},"3":{"start":{"line":10,"column":15},"end":{"line":10,"column":40}},"4":{"start":{"line":11,"column":15},"end":{"line":11,"column":35}},"5":{"start":{"line":12,"column":21},"end":{"line":12,"column":74}},"6":{"start":{"line":13,"column":16},"end":{"line":13,"column":54}},"7":{"start":{"line":14,"column":19},"end":{"line":14,"column":61}},"8":{"start":{"line":15,"column":2},"end":{"line":15,"column":67}},"9":{"start":{"line":18,"column":0},"end":{"line":21,"column":2}},"10":{"start":{"line":19,"column":25},"end":{"line":19,"column":47}},"11":{"start":{"line":20,"column":2},"end":{"line":20,"column":31}},"12":{"start":{"line":23,"column":0},"end":{"line":30,"column":2}},"13":{"start":{"line":24,"column":18},"end":{"line":24,"column":49}},"14":{"start":{"line":25,"column":2},"end":{"line":29,"column":3}},"15":{"start":{"line":26,"column":4},"end":{"line":26,"column":22}},"16":{"start":{"line":28,"column":4},"end":{"line":28,"column":59}}},"fnMap":{"0":{"name":"(anonymous_0)","decl":{"start":{"line":8,"column":32},"end":{"line":8,"column":33}},"loc":{"start":{"line":8,"column":52},"end":{"line":16,"column":1}},"line":8},"1":{"name":"(anonymous_1)","decl":{"start":{"line":18,"column":33},"end":{"line":18,"column":34}},"loc":{"start":{"line":18,"column":53},"end":{"line":21,"column":1}},"line":18},"2":{"name":"(anonymous_2)","decl":{"start":{"line":23,"column":31},"end":{"line":23,"column":32}},"loc":{"start":{"line":23,"column":51},"end":{"line":30,"column":1}},"line":23}},"branchMap":{"0":{"loc":{"start":{"line":10,"column":15},"end":{"line":10,"column":40}},"type":"binary-expr","locations":[{"start":{"line":10,"column":15},"end":{"line":10,"column":35}},{"start":{"line":10,"column":39},"end":{"line":10,"column":40}}],"line":10},"1":{"loc":{"start":{"line":11,"column":15},"end":{"line":11,"column":35}},"type":"binary-expr","locations":[{"start":{"line":11,"column":15},"end":{"line":11,"column":29}},{"start":{"line":11,"column":33},"end":{"line":11,"column":35}}],"line":11},"2":{"loc":{"start":{"line":12,"column":21},"end":{"line":12,"column":74}},"type":"cond-expr","locations":[{"start":{"line":12,"column":28},"end":{"line":12,"column":69}},{"start":{"line":12,"column":72},"end":{"line":12,"column":74}}],"line":12},"3":{"loc":{"start":{"line":25,"column":2},"end":{"line":29,"column":3}},"type":"if","locations":[{"start":{"line":25,"column":2},"end":{"line":29,"column":3}},{"start":{"line":25,"column":2},"end":{"line":29,"column":3}}],"line":25}},"s":{"0":5,"1":5,"2":1,"3":1,"4":1,"5":1,"6":1,"7":1,"8":1,"9":5,"10":0,"11":0,"12":5,"13":0,"14":0,"15":0,"16":0},"f":{"0":1,"1":0,"2":0},"b":{"0":[1,1],"1":[1,1],"2":[0,1],"3":[0,0]},"_coverageSchema":"1a1c01bbd47fc00a2c39e90264f33305004495a9","hash":"56b22c10121c395f948c11463ed5dca9a7e2d487"}
,"C:\\Users\\abanyali\\Desktop\\Aspire\\backend\\API\\users\\index.js": {"path":"C:\\Users\\abanyali\\Desktop\\Aspire\\backend\\API\\users\\index.js","statementMap":{"0":{"start":{"line":1,"column":16},"end":{"line":1,"column":34}},"1":{"start":{"line":6,"column":4},"end":{"line":6,"column":34}},"2":{"start":{"line":7,"column":30},"end":{"line":7,"column":50}},"3":{"start":{"line":11,"column":4},"end":{"line":11,"column":51}},"4":{"start":{"line":12,"column":19},"end":{"line":12,"column":35}},"5":{"start":{"line":13,"column":0},"end":{"line":13,"column":45}},"6":{"start":{"line":14,"column":0},"end":{"line":14,"column":78}},"7":{"start":{"line":15,"column":0},"end":{"line":19,"column":2}},"8":{"start":{"line":20,"column":0},"end":{"line":20,"column":25}},"9":{"start":{"line":21,"column":0},"end":{"line":21,"column":28}}},"fnMap":{},"branchMap":{},"s":{"0":5,"1":5,"2":5,"3":5,"4":5,"5":5,"6":5,"7":5,"8":5,"9":5},"f":{},"b":{},"_coverageSchema":"1a1c01bbd47fc00a2c39e90264f33305004495a9","hash":"4ac7a91d59e8a555be38c208bf0c09c63b43922a"}
,"C:\\Users\\abanyali\\Desktop\\Aspire\\backend\\API\\users\\userController.js": {"path":"C:\\Users\\abanyali\\Desktop\\Aspire\\backend\\API\\users\\userController.js","statementMap":{"0":{"start":{"line":1,"column":21},"end":{"line":1,"column":62}},"1":{"start":{"line":2,"column":15},"end":{"line":2,"column":32}},"2":{"start":{"line":5,"column":0},"end":{"line":8,"column":2}},"3":{"start":{"line":6,"column":23},"end":{"line":6,"column":55}},"4":{"start":{"line":7,"column":2},"end":{"line":7,"column":29}},"5":{"start":{"line":11,"column":0},"end":{"line":27,"column":2}},"6":{"start":{"line":12,"column":15},"end":{"line":12,"column":57}},"7":{"start":{"line":14,"column":2},"end":{"line":25,"column":3}},"8":{"start":{"line":15,"column":4},"end":{"line":24,"column":5}},"9":{"start":{"line":16,"column":6},"end":{"line":22,"column":9}},"10":{"start":{"line":23,"column":6},"end":{"line":23,"column":13}},"11":{"start":{"line":26,"column":2},"end":{"line":26,"column":71}},"12":{"start":{"line":29,"column":0},"end":{"line":36,"column":2}},"13":{"start":{"line":30,"column":36},"end":{"line":30,"column":44}},"14":{"start":{"line":32,"column":15},"end":{"line":32,"column":70}},"15":{"start":{"line":33,"column":23},"end":{"line":33,"column":59}},"16":{"start":{"line":35,"column":2},"end":{"line":35,"column":35}}},"fnMap":{"0":{"name":"(anonymous_0)","decl":{"start":{"line":5,"column":30},"end":{"line":5,"column":31}},"loc":{"start":{"line":5,"column":50},"end":{"line":8,"column":1}},"line":5},"1":{"name":"(anonymous_1)","decl":{"start":{"line":11,"column":26},"end":{"line":11,"column":27}},"loc":{"start":{"line":11,"column":46},"end":{"line":27,"column":1}},"line":11},"2":{"name":"(anonymous_2)","decl":{"start":{"line":29,"column":29},"end":{"line":29,"column":30}},"loc":{"start":{"line":29,"column":49},"end":{"line":36,"column":1}},"line":29}},"branchMap":{"0":{"loc":{"start":{"line":14,"column":2},"end":{"line":25,"column":3}},"type":"if","locations":[{"start":{"line":14,"column":2},"end":{"line":25,"column":3}},{"start":{"line":14,"column":2},"end":{"line":25,"column":3}}],"line":14},"1":{"loc":{"start":{"line":15,"column":4},"end":{"line":24,"column":5}},"type":"if","locations":[{"start":{"line":15,"column":4},"end":{"line":24,"column":5}},{"start":{"line":15,"column":4},"end":{"line":24,"column":5}}],"line":15}},"s":{"0":5,"1":5,"2":5,"3":0,"4":0,"5":5,"6":2,"7":2,"8":2,"9":2,"10":0,"11":0,"12":5,"13":0,"14":0,"15":0,"16":0},"f":{"0":0,"1":2,"2":0},"b":{"0":[2,0],"1":[2,0]},"_coverageSchema":"1a1c01bbd47fc00a2c39e90264f33305004495a9","hash":"cdda131851bbaf839e55b6278fd08cc5794347fa"}
,"C:\\Users\\abanyali\\Desktop\\Aspire\\backend\\models\\orderModel.js": {"path":"C:\\Users\\abanyali\\Desktop\\Aspire\\backend\\models\\orderModel.js","statementMap":{"0":{"start":{"line":1,"column":17},"end":{"line":1,"column":36}},"1":{"start":{"line":3,"column":20},"end":{"line":39,"column":1}},"2":{"start":{"line":40,"column":14},"end":{"line":40,"column":50}},"3":{"start":{"line":41,"column":0},"end":{"line":41,"column":23}}},"fnMap":{},"branchMap":{},"s":{"0":5,"1":5,"2":5,"3":5},"f":{},"b":{},"_coverageSchema":"1a1c01bbd47fc00a2c39e90264f33305004495a9","hash":"dca01ed1f182f86975d1559360d3f15e745beb8a"}
,"C:\\Users\\abanyali\\Desktop\\Aspire\\backend\\models\\productModel.js": {"path":"C:\\Users\\abanyali\\Desktop\\Aspire\\backend\\models\\productModel.js","statementMap":{"0":{"start":{"line":1,"column":17},"end":{"line":1,"column":36}},"1":{"start":{"line":2,"column":22},"end":{"line":14,"column":2}},"2":{"start":{"line":15,"column":16},"end":{"line":15,"column":56}},"3":{"start":{"line":16,"column":0},"end":{"line":16,"column":23}}},"fnMap":{},"branchMap":{},"s":{"0":5,"1":5,"2":5,"3":5},"f":{},"b":{},"_coverageSchema":"1a1c01bbd47fc00a2c39e90264f33305004495a9","hash":"665bcb77d918fe2ef6e80dea4c649d22847fc794"}
,"C:\\Users\\abanyali\\Desktop\\Aspire\\backend\\models\\userModel.js": {"path":"C:\\Users\\abanyali\\Desktop\\Aspire\\backend\\models\\userModel.js","statementMap":{"0":{"start":{"line":1,"column":17},"end":{"line":1,"column":36}},"1":{"start":{"line":2,"column":19},"end":{"line":9,"column":2}},"2":{"start":{"line":10,"column":13},"end":{"line":10,"column":47}},"3":{"start":{"line":11,"column":0},"end":{"line":11,"column":20}}},"fnMap":{},"branchMap":{},"s":{"0":5,"1":5,"2":5,"3":5},"f":{},"b":{},"_coverageSchema":"1a1c01bbd47fc00a2c39e90264f33305004495a9","hash":"27a4d4bb7cca5419829029145aa249e27bd95eef"}
,"C:\\Users\\abanyali\\Desktop\\Aspire\\backend\\services\\orderServices.js": {"path":"C:\\Users\\abanyali\\Desktop\\Aspire\\backend\\services\\orderServices.js","statementMap":{"0":{"start":{"line":1,"column":12},"end":{"line":1,"column":35}},"1":{"start":{"line":2,"column":14},"end":{"line":2,"column":48}},"2":{"start":{"line":4,"column":18},"end":{"line":6,"column":1}},"3":{"start":{"line":5,"column":2},"end":{"line":5,"column":30}},"4":{"start":{"line":8,"column":21},"end":{"line":30,"column":1}},"5":{"start":{"line":17,"column":6},"end":{"line":17,"column":18}},"6":{"start":{"line":19,"column":19},"end":{"line":28,"column":4}},"7":{"start":{"line":29,"column":2},"end":{"line":29,"column":25}},"8":{"start":{"line":32,"column":17},"end":{"line":34,"column":1}},"9":{"start":{"line":33,"column":2},"end":{"line":33,"column":33}},"10":{"start":{"line":36,"column":15},"end":{"line":55,"column":1}},"11":{"start":{"line":37,"column":24},"end":{"line":37,"column":49}},"12":{"start":{"line":38,"column":2},"end":{"line":54,"column":3}},"13":{"start":{"line":39,"column":18},"end":{"line":39,"column":62}},"14":{"start":{"line":40,"column":4},"end":{"line":51,"column":6}},"15":{"start":{"line":44,"column":8},"end":{"line":49,"column":9}},"16":{"start":{"line":45,"column":10},"end":{"line":45,"column":61}},"17":{"start":{"line":47,"column":10},"end":{"line":47,"column":28}},"18":{"start":{"line":48,"column":10},"end":{"line":48,"column":17}},"19":{"start":{"line":53,"column":4},"end":{"line":53,"column":50}},"20":{"start":{"line":56,"column":0},"end":{"line":56,"column":63}}},"fnMap":{"0":{"name":"(anonymous_0)","decl":{"start":{"line":4,"column":18},"end":{"line":4,"column":19}},"loc":{"start":{"line":4,"column":28},"end":{"line":6,"column":1}},"line":4},"1":{"name":"(anonymous_1)","decl":{"start":{"line":8,"column":21},"end":{"line":8,"column":22}},"loc":{"start":{"line":8,"column":47},"end":{"line":30,"column":1}},"line":8},"2":{"name":"(anonymous_2)","decl":{"start":{"line":32,"column":17},"end":{"line":32,"column":18}},"loc":{"start":{"line":32,"column":30},"end":{"line":34,"column":1}},"line":32},"3":{"name":"(anonymous_3)","decl":{"start":{"line":36,"column":15},"end":{"line":36,"column":16}},"loc":{"start":{"line":36,"column":35},"end":{"line":55,"column":1}},"line":36},"4":{"name":"(anonymous_4)","decl":{"start":{"line":43,"column":6},"end":{"line":43,"column":7}},"loc":{"start":{"line":43,"column":23},"end":{"line":50,"column":7}},"line":43}},"branchMap":{"0":{"loc":{"start":{"line":38,"column":2},"end":{"line":54,"column":3}},"type":"if","locations":[{"start":{"line":38,"column":2},"end":{"line":54,"column":3}},{"start":{"line":38,"column":2},"end":{"line":54,"column":3}}],"line":38},"1":{"loc":{"start":{"line":42,"column":6},"end":{"line":42,"column":49}},"type":"binary-expr","locations":[{"start":{"line":42,"column":6},"end":{"line":42,"column":28}},{"start":{"line":42,"column":32},"end":{"line":42,"column":49}}],"line":42},"2":{"loc":{"start":{"line":44,"column":8},"end":{"line":49,"column":9}},"type":"if","locations":[{"start":{"line":44,"column":8},"end":{"line":49,"column":9}},{"start":{"line":44,"column":8},"end":{"line":49,"column":9}}],"line":44}},"s":{"0":5,"1":5,"2":5,"3":1,"4":5,"5":1,"6":1,"7":1,"8":5,"9":3,"10":5,"11":1,"12":1,"13":0,"14":0,"15":0,"16":0,"17":0,"18":0,"19":1,"20":5},"f":{"0":1,"1":1,"2":3,"3":1,"4":0},"b":{"0":[0,1],"1":[0,0],"2":[0,0]},"_coverageSchema":"1a1c01bbd47fc00a2c39e90264f33305004495a9","hash":"ee02dd84025513bd89baa6fa1a2ea74ad121dd9b"}
,"C:\\Users\\abanyali\\Desktop\\Aspire\\backend\\services\\productServices.js": {"path":"C:\\Users\\abanyali\\Desktop\\Aspire\\backend\\services\\productServices.js","statementMap":{"0":{"start":{"line":1,"column":13},"end":{"line":1,"column":31}},"1":{"start":{"line":2,"column":16},"end":{"line":2,"column":52}},"2":{"start":{"line":3,"column":20},"end":{"line":7,"column":1}},"3":{"start":{"line":4,"column":2},"end":{"line":6,"column":14}},"4":{"start":{"line":8,"column":22},"end":{"line":10,"column":1}},"5":{"start":{"line":9,"column":2},"end":{"line":9,"column":51}},"6":{"start":{"line":11,"column":23},"end":{"line":14,"column":1}},"7":{"start":{"line":12,"column":2},"end":{"line":12,"column":33}},"8":{"start":{"line":13,"column":2},"end":{"line":13,"column":43}},"9":{"start":{"line":16,"column":19},"end":{"line":18,"column":1}},"10":{"start":{"line":17,"column":2},"end":{"line":17,"column":30}},"11":{"start":{"line":19,"column":0},"end":{"line":19,"column":76}}},"fnMap":{"0":{"name":"(anonymous_0)","decl":{"start":{"line":3,"column":20},"end":{"line":3,"column":21}},"loc":{"start":{"line":3,"column":49},"end":{"line":7,"column":1}},"line":3},"1":{"name":"(anonymous_1)","decl":{"start":{"line":8,"column":22},"end":{"line":8,"column":23}},"loc":{"start":{"line":8,"column":45},"end":{"line":10,"column":1}},"line":8},"2":{"name":"(anonymous_2)","decl":{"start":{"line":11,"column":23},"end":{"line":11,"column":24}},"loc":{"start":{"line":11,"column":29},"end":{"line":14,"column":1}},"line":11},"3":{"name":"(anonymous_3)","decl":{"start":{"line":16,"column":19},"end":{"line":16,"column":20}},"loc":{"start":{"line":16,"column":27},"end":{"line":18,"column":1}},"line":16}},"branchMap":{},"s":{"0":5,"1":5,"2":5,"3":2,"4":5,"5":1,"6":5,"7":0,"8":0,"9":5,"10":1,"11":5},"f":{"0":2,"1":1,"2":0,"3":1},"b":{},"_coverageSchema":"1a1c01bbd47fc00a2c39e90264f33305004495a9","hash":"2993ebcd81fa0cdff4984abc215a3092538ef3ca"}
,"C:\\Users\\abanyali\\Desktop\\Aspire\\backend\\services\\userServices.js": {"path":"C:\\Users\\abanyali\\Desktop\\Aspire\\backend\\services\\userServices.js","statementMap":{"0":{"start":{"line":1,"column":12},"end":{"line":1,"column":35}},"1":{"start":{"line":2,"column":13},"end":{"line":2,"column":31}},"2":{"start":{"line":3,"column":13},"end":{"line":3,"column":46}},"3":{"start":{"line":5,"column":0},"end":{"line":7,"column":2}},"4":{"start":{"line":6,"column":2},"end":{"line":6,"column":44}},"5":{"start":{"line":9,"column":0},"end":{"line":12,"column":2}},"6":{"start":{"line":10,"column":2},"end":{"line":10,"column":16}},"7":{"start":{"line":11,"column":2},"end":{"line":11,"column":37}},"8":{"start":{"line":14,"column":0},"end":{"line":21,"column":2}},"9":{"start":{"line":15,"column":18},"end":{"line":19,"column":4}},"10":{"start":{"line":20,"column":2},"end":{"line":20,"column":24}},"11":{"start":{"line":23,"column":0},"end":{"line":36,"column":2}},"12":{"start":{"line":24,"column":2},"end":{"line":35,"column":4}}},"fnMap":{"0":{"name":"(anonymous_0)","decl":{"start":{"line":5,"column":18},"end":{"line":5,"column":19}},"loc":{"start":{"line":5,"column":33},"end":{"line":7,"column":1}},"line":5},"1":{"name":"(anonymous_1)","decl":{"start":{"line":9,"column":22},"end":{"line":9,"column":23}},"loc":{"start":{"line":9,"column":28},"end":{"line":12,"column":1}},"line":9},"2":{"name":"(anonymous_2)","decl":{"start":{"line":14,"column":22},"end":{"line":14,"column":23}},"loc":{"start":{"line":14,"column":32},"end":{"line":21,"column":1}},"line":14},"3":{"name":"(anonymous_3)","decl":{"start":{"line":23,"column":24},"end":{"line":23,"column":25}},"loc":{"start":{"line":23,"column":34},"end":{"line":36,"column":1}},"line":23}},"branchMap":{"0":{"loc":{"start":{"line":31,"column":4},"end":{"line":31,"column":47}},"type":"binary-expr","locations":[{"start":{"line":31,"column":4},"end":{"line":31,"column":26}},{"start":{"line":31,"column":30},"end":{"line":31,"column":47}}],"line":31}},"s":{"0":5,"1":5,"2":5,"3":5,"4":4,"5":5,"6":0,"7":0,"8":5,"9":1,"10":1,"11":5,"12":0},"f":{"0":4,"1":0,"2":1,"3":0},"b":{"0":[0,0]},"_coverageSchema":"1a1c01bbd47fc00a2c39e90264f33305004495a9","hash":"9dfe3308152c48145eea62337f9cab5694a4ef30"}
,"C:\\Users\\abanyali\\Desktop\\Aspire\\backend\\validations\\userValidations.js": {"path":"C:\\Users\\abanyali\\Desktop\\Aspire\\backend\\validations\\userValidations.js","statementMap":{"0":{"start":{"line":1,"column":16},"end":{"line":1,"column":36}},"1":{"start":{"line":3,"column":23},"end":{"line":7,"column":2}},"2":{"start":{"line":9,"column":20},"end":{"line":12,"column":2}},"3":{"start":{"line":14,"column":0},"end":{"line":14,"column":51}}},"fnMap":{},"branchMap":{},"s":{"0":5,"1":5,"2":5,"3":5},"f":{},"b":{},"_coverageSchema":"1a1c01bbd47fc00a2c39e90264f33305004495a9","hash":"0021559e7b51fa4a2a7d8a93a7fd2813d8d916ae"}
}
