TN:
SF:backend\data.js
FNF:0
FNH:0
DA:1,5
DA:2,5
DA:130,5
LF:3
LH:3
BRF:0
BRH:0
end_of_record
TN:
SF:backend\server.js
FN:26,(anonymous_0)
FN:29,(anonymous_1)
FN:32,(anonymous_2)
FNF:3
FNH:1
FNDA:0,(anonymous_0)
FNDA:1,(anonymous_1)
FNDA:0,(anonymous_2)
DA:1,5
DA:2,5
DA:3,5
DA:4,5
DA:5,5
DA:6,5
DA:7,5
DA:8,5
DA:9,5
DA:10,5
DA:11,5
DA:13,5
DA:15,5
DA:22,5
DA:23,5
DA:24,5
DA:26,5
DA:27,0
DA:29,5
DA:30,1
DA:32,5
DA:33,0
DA:40,5
LF:23
LH:21
BRDA:15,0,0,5
BRDA:15,0,1,5
BRDA:27,1,0,0
BRDA:27,1,1,0
BRF:4
BRH:2
end_of_record
TN:
SF:backend\API\orders\index.js
FNF:0
FNH:0
DA:1,5
DA:2,5
DA:7,5
DA:9,5
DA:12,5
DA:14,5
DA:17,5
DA:19,5
LF:8
LH:8
BRF:0
BRH:0
end_of_record
TN:
SF:backend\API\orders\orderController.js
FN:8,(anonymous_0)
FN:13,(anonymous_1)
FN:40,(anonymous_2)
FNF:3
FNH:0
FNDA:0,(anonymous_0)
FNDA:0,(anonymous_1)
FNDA:0,(anonymous_2)
DA:5,5
DA:8,5
DA:9,0
DA:10,0
DA:13,5
DA:14,0
DA:15,0
DA:25,0
DA:26,0
DA:35,0
DA:36,0
DA:40,5
DA:41,0
DA:42,0
DA:43,0
DA:45,0
LF:16
LH:4
BRDA:14,0,0,0
BRDA:14,0,1,0
BRDA:42,1,0,0
BRDA:42,1,1,0
BRF:4
BRH:0
end_of_record
TN:
SF:backend\API\products\index.js
FNF:0
FNH:0
DA:1,5
DA:2,5
DA:4,5
DA:7,5
DA:8,5
DA:9,5
DA:11,5
LF:7
LH:7
BRF:0
BRH:0
end_of_record
TN:
SF:backend\API\products\productController.js
FN:8,(anonymous_0)
FN:18,(anonymous_1)
FN:23,(anonymous_2)
FNF:3
FNH:1
FNDA:1,(anonymous_0)
FNDA:0,(anonymous_1)
FNDA:0,(anonymous_2)
DA:6,5
DA:8,5
DA:9,1
DA:10,1
DA:11,1
DA:12,1
DA:13,1
DA:14,1
DA:15,1
DA:18,5
DA:19,0
DA:20,0
DA:23,5
DA:24,0
DA:25,0
DA:26,0
DA:28,0
LF:17
LH:11
BRDA:10,0,0,1
BRDA:10,0,1,1
BRDA:11,1,0,1
BRDA:11,1,1,1
BRDA:12,2,0,0
BRDA:12,2,1,1
BRDA:25,3,0,0
BRDA:25,3,1,0
BRF:8
BRH:5
end_of_record
TN:
SF:backend\API\users\index.js
FNF:0
FNH:0
DA:1,5
DA:6,5
DA:7,5
DA:11,5
DA:12,5
DA:13,5
DA:14,5
DA:15,5
DA:20,5
DA:21,5
LF:10
LH:10
BRF:0
BRH:0
end_of_record
TN:
SF:backend\API\users\userController.js
FN:5,(anonymous_0)
FN:11,(anonymous_1)
FN:29,(anonymous_2)
FNF:3
FNH:0
FNDA:0,(anonymous_0)
FNDA:0,(anonymous_1)
FNDA:0,(anonymous_2)
DA:1,5
DA:2,5
DA:5,5
DA:6,0
DA:7,0
DA:11,5
DA:12,0
DA:14,0
DA:15,0
DA:16,0
DA:23,0
DA:26,0
DA:29,5
DA:30,0
DA:32,0
DA:33,0
DA:35,0
LF:17
LH:5
BRDA:14,0,0,0
BRDA:14,0,1,0
BRDA:15,1,0,0
BRDA:15,1,1,0
BRF:4
BRH:0
end_of_record
TN:
SF:backend\models\orderModel.js
FNF:0
FNH:0
DA:1,5
DA:3,5
DA:41,5
DA:42,5
LF:4
LH:4
BRF:0
BRH:0
end_of_record
TN:
SF:backend\models\productModel.js
FNF:0
FNH:0
DA:1,5
DA:2,5
DA:15,5
DA:16,5
LF:4
LH:4
BRF:0
BRH:0
end_of_record
TN:
SF:backend\models\userModel.js
FNF:0
FNH:0
DA:1,5
DA:2,5
DA:10,5
DA:11,5
LF:4
LH:4
BRF:0
BRH:0
end_of_record
TN:
SF:backend\services\orderServices.js
FN:4,(anonymous_0)
FN:8,(anonymous_1)
FN:22,(anonymous_2)
FN:26,(anonymous_3)
FN:33,(anonymous_4)
FNF:5
FNH:2
FNDA:1,(anonymous_0)
FNDA:0,(anonymous_1)
FNDA:1,(anonymous_2)
FNDA:0,(anonymous_3)
FNDA:0,(anonymous_4)
DA:1,5
DA:2,5
DA:4,5
DA:5,1
DA:8,5
DA:9,0
DA:19,0
DA:22,5
DA:23,1
DA:26,5
DA:27,0
DA:28,0
DA:29,0
DA:30,0
DA:34,0
DA:35,0
DA:37,0
DA:38,0
DA:43,0
DA:46,5
LF:20
LH:9
BRDA:28,0,0,0
BRDA:28,0,1,0
BRDA:32,1,0,0
BRDA:32,1,1,0
BRDA:34,2,0,0
BRDA:34,2,1,0
BRF:6
BRH:0
end_of_record
TN:
SF:backend\services\productServices.js
FN:3,(anonymous_0)
FN:8,(anonymous_1)
FN:11,(anonymous_2)
FN:16,(anonymous_3)
FNF:4
FNH:3
FNDA:2,(anonymous_0)
FNDA:1,(anonymous_1)
FNDA:0,(anonymous_2)
FNDA:1,(anonymous_3)
DA:1,5
DA:2,5
DA:3,5
DA:4,2
DA:8,5
DA:9,1
DA:11,5
DA:12,0
DA:13,0
DA:16,5
DA:17,1
DA:19,5
LF:12
LH:10
BRF:0
BRH:0
end_of_record
TN:
SF:backend\services\userServices.js
FN:5,(anonymous_0)
FN:9,(anonymous_1)
FN:14,(anonymous_2)
FN:23,(anonymous_3)
FNF:4
FNH:1
FNDA:1,(anonymous_0)
FNDA:0,(anonymous_1)
FNDA:0,(anonymous_2)
FNDA:0,(anonymous_3)
DA:1,5
DA:2,5
DA:3,5
DA:5,5
DA:6,1
DA:9,5
DA:10,0
DA:11,0
DA:14,5
DA:15,0
DA:20,0
DA:23,5
DA:24,0
LF:13
LH:8
BRDA:31,0,0,0
BRDA:31,0,1,0
BRF:2
BRH:0
end_of_record
TN:
SF:backend\validations\userValidations.js
FNF:0
FNH:0
DA:1,5
DA:3,5
DA:9,5
DA:20,5
LF:4
LH:4
BRF:0
BRH:0
end_of_record
